<?xml version="1.0" encoding="UTF-8"?>
<testng-results skipped="0" failed="0" ignored="0" total="1" passed="1">
  <reporter-output>
  </reporter-output>
  <suite name="Testng Cucumber Suite" duration-ms="12330" started-at="2020-11-20T06:43:38Z" finished-at="2020-11-20T06:43:51Z">
    <groups>
      <group name="cucumber">
        <method signature="AbstractTestNGCucumberTests.feature(cucumber.api.testng.CucumberFeatureWrapper)[pri:0, instance:runners.CucumberRunner@d44fc21]" name="feature" class="cucumber.api.testng.AbstractTestNGCucumberTests"/>
      </group> <!-- cucumber -->
    </groups>
    <test name="Run All Tests" duration-ms="12330" started-at="2020-11-20T06:43:38Z" finished-at="2020-11-20T06:43:51Z">
      <class name="runners.CucumberRunner">
        <test-method status="PASS" signature="setUpClass()[pri:0, instance:runners.CucumberRunner@d44fc21]" name="setUpClass" is-config="true" duration-ms="424" started-at="2020-11-20T06:43:38Z" finished-at="2020-11-20T06:43:39Z">
          <reporter-output>
          </reporter-output>
        </test-method> <!-- setUpClass -->
        <test-method status="PASS" signature="generateHTMLReports()[pri:0, instance:runners.CucumberRunner@d44fc21]" name="generateHTMLReports" is-config="true" duration-ms="178" started-at="2020-11-20T06:43:39Z" finished-at="2020-11-20T06:43:39Z">
          <reporter-output>
          </reporter-output>
        </test-method> <!-- generateHTMLReports -->
        <test-method status="PASS" signature="feature(cucumber.api.testng.CucumberFeatureWrapper)[pri:0, instance:runners.CucumberRunner@d44fc21]" name="feature" duration-ms="11523" started-at="2020-11-20T06:43:39Z" description="Runs Cucumber Feature" data-provider="features" finished-at="2020-11-20T06:43:51Z">
          <params>
            <param index="0">
              <value>
                <![CDATA[Title of your feature]]>
              </value>
            </param>
          </params>
          <reporter-output>
          </reporter-output>
        </test-method> <!-- feature -->
        <test-method status="PASS" signature="tearDownClass()[pri:0, instance:runners.CucumberRunner@d44fc21]" name="tearDownClass" is-config="true" duration-ms="68" started-at="2020-11-20T06:43:51Z" finished-at="2020-11-20T06:43:51Z">
          <reporter-output>
          </reporter-output>
        </test-method> <!-- tearDownClass -->
      </class> <!-- runners.CucumberRunner -->
    </test> <!-- Run All Tests -->
  </suite> <!-- Testng Cucumber Suite -->
</testng-results>
